<?xml version="1.0" encoding="UTF-8"?>
<!-- Generated by org.testng.reporters.JUnitXMLReporter -->
<testsuite ignored="0" hostname="DESKTOP-L7FK65H" failures="0" tests="4" name="Default test" time="36.92" errors="0" timestamp="2025-06-25T16:06:26 IST">
  <testcase classname="mini_project.Gadget_Automation" name="openSnapdealHomePage" time="0.511"/>
  <testcase classname="mini_project.Gadget_Automation" name="searchProduct" time="14.135"/>
  <testcase classname="mini_project.Gadget_Automation" name="sortAndFilter" time="2.451"/>
  <testcase classname="mini_project.Gadget_Automation" name="printProductDetails" time="1.161"/>
</testsuite> <!-- Default test -->
