<?xml version="1.0" encoding="UTF-8"?>
<!-- Generated by org.testng.reporters.JUnitXMLReporter -->
<testsuite ignored="0" hostname="DESKTOP-L7FK65H" failures="0" tests="4" name="Test" time="21.449" errors="0" timestamp="2025-06-20T14:24:32 IST">
  <testcase classname="mini_project.Gadget_Automation" name="openSnapdealHomePage" time="5.917"/>
  <testcase classname="mini_project.Gadget_Automation" name="searchProduct" time="1.274"/>
  <testcase classname="mini_project.Gadget_Automation" name="sortAndFilter" time="5.177"/>
  <testcase classname="mini_project.Gadget_Automation" name="printProductDetails" time="1.0"/>
</testsuite> <!-- Test -->
