<?xml version="1.0" encoding="UTF-8"?>
<testng-results ignored="0" total="4" passed="4" failed="0" skipped="0">
  <reporter-output>
  </reporter-output>
  <suite started-at="2025-06-25T16:05:49 IST" name="Default suite" finished-at="2025-06-25T16:06:26 IST" duration-ms="36920">
    <groups>
    </groups>
    <test started-at="2025-06-25T16:05:49 IST" name="Default test" finished-at="2025-06-25T16:06:26 IST" duration-ms="36920">
      <class name="mini_project.Gadget_Automation">
        <test-method is-config="true" signature="setUp()[pri:0, instance:mini_project.Gadget_Automation@1573f9fc]" started-at="2025-06-25T16:05:49 IST" name="setUp" finished-at="2025-06-25T16:06:00 IST" duration-ms="10233" status="PASS">
          <reporter-output>
          </reporter-output>
        </test-method> <!-- setUp -->
        <test-method signature="openSnapdealHomePage()[pri:1, instance:mini_project.Gadget_Automation@1573f9fc]" started-at="2025-06-25T16:06:00 IST" name="openSnapdealHomePage" finished-at="2025-06-25T16:06:00 IST" duration-ms="511" status="PASS">
          <reporter-output>
          </reporter-output>
        </test-method> <!-- openSnapdealHomePage -->
        <test-method signature="searchProduct()[pri:2, instance:mini_project.Gadget_Automation@1573f9fc]" started-at="2025-06-25T16:06:00 IST" name="searchProduct" finished-at="2025-06-25T16:06:14 IST" duration-ms="14135" status="PASS">
          <reporter-output>
          </reporter-output>
        </test-method> <!-- searchProduct -->
        <test-method signature="sortAndFilter()[pri:3, instance:mini_project.Gadget_Automation@1573f9fc]" started-at="2025-06-25T16:06:14 IST" name="sortAndFilter" finished-at="2025-06-25T16:06:17 IST" duration-ms="2451" status="PASS">
          <reporter-output>
          </reporter-output>
        </test-method> <!-- sortAndFilter -->
        <test-method signature="printProductDetails()[pri:4, instance:mini_project.Gadget_Automation@1573f9fc]" started-at="2025-06-25T16:06:17 IST" name="printProductDetails" finished-at="2025-06-25T16:06:18 IST" duration-ms="1161" status="PASS">
          <reporter-output>
          </reporter-output>
        </test-method> <!-- printProductDetails -->
        <test-method is-config="true" signature="tearDown()[pri:0, instance:mini_project.Gadget_Automation@1573f9fc]" started-at="2025-06-25T16:06:18 IST" name="tearDown" finished-at="2025-06-25T16:06:26 IST" duration-ms="8204" status="PASS">
          <reporter-output>
          </reporter-output>
        </test-method> <!-- tearDown -->
      </class> <!-- mini_project.Gadget_Automation -->
    </test> <!-- Default test -->
  </suite> <!-- Default suite -->
</testng-results>
